<?xml version="1.0" encoding="UTF-8"?>
<!-- Generated by org.testng.reporters.JUnitReportReporter -->
<testsuite skipped="0" hostname="MadhuKiran" name="ParllelTests.Test1" tests="5" failures="0" timestamp="2022-07-04T19:51:49 IST" time="0.006" errors="0">
  <testcase name="A2" time="0.000" classname="ParllelTests.Test1"/>
  <system-out/>
  <testcase name="A4" time="0.000" classname="ParllelTests.Test1"/>
  <system-out/>
  <testcase name="A3" time="0.000" classname="ParllelTests.Test1"/>
  <system-out/>
  <testcase name="A1" time="0.006" classname="ParllelTests.Test1"/>
  <system-out/>
  <testcase name="A5" time="0.000" classname="ParllelTests.Test1"/>
  <system-out/>
</testsuite> <!-- ParllelTests.Test1 -->
